{"C:\\Users\\al-gerasimov\\Documents\\Projects\\brightsec\\resolvedWithRejectionNumCheck\\promise.js": {"path":"C:\\Users\\al-gerasimov\\Documents\\Projects\\brightsec\\resolvedWithRejectionNumCheck\\promise.js","all":false,"statementMap":{"0":{"start":{"line":1,"column":0},"end":{"line":1,"column":23}},"1":{"start":{"line":2,"column":0},"end":{"line":2,"column":56}},"2":{"start":{"line":3,"column":0},"end":{"line":3,"column":32}},"3":{"start":{"line":4,"column":0},"end":{"line":4,"column":27}},"4":{"start":{"line":5,"column":0},"end":{"line":5,"column":14}},"5":{"start":{"line":6,"column":0},"end":{"line":6,"column":30}},"6":{"start":{"line":7,"column":0},"end":{"line":7,"column":7}},"7":{"start":{"line":8,"column":0},"end":{"line":8,"column":5}},"8":{"start":{"line":9,"column":0},"end":{"line":9,"column":2}},"9":{"start":{"line":10,"column":0},"end":{"line":10,"column":17}},"10":{"start":{"line":11,"column":0},"end":{"line":11,"column":1}},"11":{"start":{"line":12,"column":0},"end":{"line":12,"column":0}},"12":{"start":{"line":13,"column":0},"end":{"line":13,"column":28}}},"s":{"0":5,"1":5,"2":5,"3":3,"4":5,"5":2,"6":2,"7":5,"8":5,"9":5,"10":5,"11":1,"12":1},"branchMap":{"0":{"type":"branch","line":1,"loc":{"start":{"line":1,"column":0},"end":{"line":11,"column":1}},"locations":[{"start":{"line":1,"column":0},"end":{"line":11,"column":1}}]},"1":{"type":"branch","line":2,"loc":{"start":{"line":2,"column":28},"end":{"line":8,"column":3}},"locations":[{"start":{"line":2,"column":28},"end":{"line":8,"column":3}}]},"2":{"type":"branch","line":3,"loc":{"start":{"line":3,"column":31},"end":{"line":5,"column":7}},"locations":[{"start":{"line":3,"column":31},"end":{"line":5,"column":7}}]},"3":{"type":"branch","line":5,"loc":{"start":{"line":5,"column":7},"end":{"line":7,"column":7}},"locations":[{"start":{"line":5,"column":7},"end":{"line":7,"column":7}}]}},"b":{"0":[5],"1":[5],"2":[3],"3":[2]},"fnMap":{"0":{"name":"getPromise","decl":{"start":{"line":1,"column":0},"end":{"line":11,"column":1}},"loc":{"start":{"line":1,"column":0},"end":{"line":11,"column":1}},"line":1}},"f":{"0":5}}
,"C:\\Users\\al-gerasimov\\Documents\\Projects\\brightsec\\resolvedWithRejectionNumCheck\\resolvedWithRejectionNumCheck.js": {"path":"C:\\Users\\al-gerasimov\\Documents\\Projects\\brightsec\\resolvedWithRejectionNumCheck\\resolvedWithRejectionNumCheck.js","all":false,"statementMap":{"0":{"start":{"line":1,"column":0},"end":{"line":1,"column":80}},"1":{"start":{"line":2,"column":0},"end":{"line":2,"column":35}},"2":{"start":{"line":3,"column":0},"end":{"line":3,"column":0}},"3":{"start":{"line":4,"column":0},"end":{"line":4,"column":45}},"4":{"start":{"line":5,"column":0},"end":{"line":5,"column":20}},"5":{"start":{"line":6,"column":0},"end":{"line":6,"column":19}},"6":{"start":{"line":7,"column":0},"end":{"line":7,"column":6}},"7":{"start":{"line":8,"column":0},"end":{"line":8,"column":19}},"8":{"start":{"line":9,"column":0},"end":{"line":9,"column":18}},"9":{"start":{"line":10,"column":0},"end":{"line":10,"column":8}},"10":{"start":{"line":11,"column":0},"end":{"line":11,"column":0}},"11":{"start":{"line":12,"column":0},"end":{"line":12,"column":45}},"12":{"start":{"line":13,"column":0},"end":{"line":13,"column":75}},"13":{"start":{"line":14,"column":0},"end":{"line":14,"column":76}},"14":{"start":{"line":15,"column":0},"end":{"line":15,"column":16}},"15":{"start":{"line":16,"column":0},"end":{"line":16,"column":65}},"16":{"start":{"line":17,"column":0},"end":{"line":17,"column":9}},"17":{"start":{"line":18,"column":0},"end":{"line":18,"column":6}},"18":{"start":{"line":19,"column":0},"end":{"line":19,"column":1}},"19":{"start":{"line":20,"column":0},"end":{"line":20,"column":0}},"20":{"start":{"line":21,"column":0},"end":{"line":21,"column":47}}},"s":{"0":1,"1":1,"2":1,"3":1,"4":5,"5":3,"6":5,"7":5,"8":2,"9":1,"10":1,"11":1,"12":1,"13":1,"14":1,"15":0,"16":0,"17":1,"18":1,"19":1,"20":1},"branchMap":{"0":{"type":"branch","line":1,"loc":{"start":{"line":1,"column":0},"end":{"line":19,"column":1}},"locations":[{"start":{"line":1,"column":0},"end":{"line":19,"column":1}}]},"1":{"type":"branch","line":4,"loc":{"start":{"line":4,"column":31},"end":{"line":10,"column":6}},"locations":[{"start":{"line":4,"column":31},"end":{"line":10,"column":6}}]},"2":{"type":"branch","line":5,"loc":{"start":{"line":5,"column":10},"end":{"line":7,"column":5}},"locations":[{"start":{"line":5,"column":10},"end":{"line":7,"column":5}}]},"3":{"type":"branch","line":8,"loc":{"start":{"line":8,"column":11},"end":{"line":10,"column":5}},"locations":[{"start":{"line":8,"column":11},"end":{"line":10,"column":5}}]},"4":{"type":"branch","line":12,"loc":{"start":{"line":12,"column":23},"end":{"line":18,"column":5}},"locations":[{"start":{"line":12,"column":23},"end":{"line":18,"column":5}}]},"5":{"type":"branch","line":15,"loc":{"start":{"line":15,"column":9},"end":{"line":17,"column":9}},"locations":[{"start":{"line":15,"column":9},"end":{"line":17,"column":9}}]}},"b":{"0":[1],"1":[5],"2":[3],"3":[2],"4":[1],"5":[0]},"fnMap":{"0":{"name":"resolvedWithRejectionNumCheck","decl":{"start":{"line":1,"column":0},"end":{"line":19,"column":1}},"loc":{"start":{"line":1,"column":0},"end":{"line":19,"column":1}},"line":1}},"f":{"0":1}}
}
