TN:
SF:promise.js
FN:1,getPromise
FNF:1
FNH:1
FNDA:5,getPromise
DA:1,5
DA:2,5
DA:3,5
DA:4,3
DA:5,5
DA:6,2
DA:7,2
DA:8,5
DA:9,5
DA:10,5
DA:11,5
DA:12,1
DA:13,1
LF:13
LH:13
BRDA:1,0,0,5
BRDA:2,1,0,5
BRDA:3,2,0,3
BRDA:5,3,0,2
BRF:4
BRH:4
end_of_record
TN:
SF:resolvedWithRejectionNumCheck.js
FN:1,resolvedWithRejectionNumCheck
FNF:1
FNH:1
FNDA:1,resolvedWithRejectionNumCheck
DA:1,1
DA:2,1
DA:3,1
DA:4,1
DA:5,5
DA:6,3
DA:7,5
DA:8,5
DA:9,2
DA:10,1
DA:11,1
DA:12,1
DA:13,1
DA:14,1
DA:15,1
DA:16,0
DA:17,0
DA:18,1
DA:19,1
DA:20,1
DA:21,1
LF:21
LH:19
BRDA:1,0,0,1
BRDA:4,1,0,5
BRDA:5,2,0,3
BRDA:8,3,0,2
BRDA:12,4,0,1
BRDA:15,5,0,0
BRF:6
BRH:5
end_of_record
