TN:
SF:promise.js
FN:1,getPromise
FNF:1
FNH:0
FNDA:0,getPromise
DA:1,0
DA:2,0
DA:3,0
DA:4,0
DA:5,0
DA:6,0
DA:7,0
DA:8,0
DA:9,0
DA:10,0
DA:11,0
DA:12,0
DA:13,0
DA:14,0
DA:15,0
DA:16,1
DA:17,1
LF:17
LH:2
BRF:0
BRH:0
end_of_record
TN:
SF:resolvedWithRejectionNumCheck.js
FN:1,resolvedWithRejectionNumCheck
FNF:1
FNH:1
FNDA:1,resolvedWithRejectionNumCheck
DA:1,1
DA:2,1
DA:3,1
DA:4,1
DA:5,1
DA:6,1
DA:7,1
DA:8,1
DA:9,1
DA:10,1
DA:11,1
DA:12,1
DA:13,1
DA:14,1
DA:15,1
DA:16,1
DA:17,1
DA:18,1
DA:19,1
DA:20,1
DA:21,1
DA:22,1
DA:23,0
DA:24,0
DA:25,1
DA:26,1
DA:27,1
DA:28,1
LF:28
LH:26
BRDA:1,0,0,1
BRDA:18,1,0,1
BRDA:22,2,0,0
BRF:3
BRH:2
end_of_record
